<?xml version="1.0" encoding="UTF-8"?>
<!-- Generated by org.testng.reporters.JUnitReportReporter -->
<testsuite hostname="Smerasritha" failures="0" tests="2" name="Pack1.TC1" time="0.004" errors="0" timestamp="2022-08-01T16:04:31 MST" skipped="0">
  <testcase classname="Pack1.TC1" name="M1" time="0.002"/>
  <system-out/>
  <testcase classname="Pack1.TC1" name="M2" time="0.002"/>
  <system-out/>
</testsuite> <!-- Pack1.TC1 -->
